<?xml version="1.0" encoding="UTF-8"?>
<!-- Generated by org.testng.reporters.JUnitXMLReporter -->
<testsuite hostname="Veeranti" ignored="0" name="Default test" tests="4" failures="0" timestamp="08 Jul 2018 14:54:47 GMT" time="148.511" errors="0">
  <testcase name="testCase05" time="1.374" classname="com.guru.test.TestScript05"/>
  <testcase name="testCase05" time="1.266" classname="com.guru.test.TestScript05"/>
  <testcase name="testCase05" time="0.775" classname="com.guru.test.TestScript05"/>
  <testcase name="testCase05" time="0.793" classname="com.guru.test.TestScript05"/>
</testsuite> <!-- Default test -->
