<?xml version="1.0" encoding="UTF-8"?>
<!-- Generated by org.testng.reporters.JUnitXMLReporter -->
<testsuite hostname="Veeranti" ignored="0" name="Default test" tests="3" failures="0" timestamp="03 Aug 2018 06:56:07 GMT" time="90.083" errors="0">
  <testcase name="LoginTest" time="0.985" classname="guruAugustTestNG.AameritradeTest"/>
  <testcase name="LoginTest" time="2.527" classname="guruAugustTestNG.AameritradeTest"/>
  <testcase name="LoginTest" time="14.155" classname="guruAugustTestNG.AameritradeTest"/>
</testsuite> <!-- Default test -->
