<?xml version="1.0" encoding="UTF-8"?>
<testng-results skipped="0" failed="0" ignored="0" total="3" passed="3">
  <reporter-output>
  </reporter-output>
  <suite name="Default suite" duration-ms="90083" started-at="2018-08-03T06:54:37Z" finished-at="2018-08-03T06:56:07Z">
    <groups>
    </groups>
    <test name="Default test" duration-ms="90083" started-at="2018-08-03T06:54:37Z" finished-at="2018-08-03T06:56:07Z">
      <class name="guruAugustTestNG.AameritradeTest">
        <test-method status="PASS" signature="setUp()[pri:0, instance:guruAugustTestNG.AameritradeTest@bf9759]" name="setUp" is-config="true" duration-ms="19523" started-at="2018-08-03T12:24:38Z" finished-at="2018-08-03T12:24:58Z">
          <reporter-output>
          </reporter-output>
        </test-method> <!-- setUp -->
        <test-method status="PASS" signature="LoginTest(java.lang.String)[pri:0, instance:guruAugustTestNG.AameritradeTest@bf9759]" name="LoginTest" duration-ms="985" started-at="2018-08-03T12:24:58Z" data-provider="languageTest" finished-at="2018-08-03T12:24:59Z">
          <params>
            <param index="0">
              <value>
                <![CDATA[English]]>
              </value>
            </param>
          </params>
          <reporter-output>
          </reporter-output>
        </test-method> <!-- LoginTest -->
        <test-method status="PASS" signature="tearDown()[pri:0, instance:guruAugustTestNG.AameritradeTest@bf9759]" name="tearDown" is-config="true" duration-ms="2327" started-at="2018-08-03T12:24:59Z" finished-at="2018-08-03T12:25:01Z">
          <reporter-output>
          </reporter-output>
        </test-method> <!-- tearDown -->
        <test-method status="PASS" signature="setUp()[pri:0, instance:guruAugustTestNG.AameritradeTest@bf9759]" name="setUp" is-config="true" duration-ms="17903" started-at="2018-08-03T12:25:01Z" finished-at="2018-08-03T12:25:19Z">
          <reporter-output>
          </reporter-output>
        </test-method> <!-- setUp -->
        <test-method status="PASS" signature="LoginTest(java.lang.String)[pri:0, instance:guruAugustTestNG.AameritradeTest@bf9759]" name="LoginTest" duration-ms="2527" started-at="2018-08-03T12:25:19Z" data-provider="languageTest" finished-at="2018-08-03T12:25:22Z">
          <params>
            <param index="0">
              <value>
                <![CDATA[简体中文]]>
              </value>
            </param>
          </params>
          <reporter-output>
          </reporter-output>
        </test-method> <!-- LoginTest -->
        <test-method status="PASS" signature="tearDown()[pri:0, instance:guruAugustTestNG.AameritradeTest@bf9759]" name="tearDown" is-config="true" duration-ms="2355" started-at="2018-08-03T12:25:22Z" finished-at="2018-08-03T12:25:24Z">
          <reporter-output>
          </reporter-output>
        </test-method> <!-- tearDown -->
        <test-method status="PASS" signature="setUp()[pri:0, instance:guruAugustTestNG.AameritradeTest@bf9759]" name="setUp" is-config="true" duration-ms="27197" started-at="2018-08-03T12:25:24Z" finished-at="2018-08-03T12:25:51Z">
          <reporter-output>
          </reporter-output>
        </test-method> <!-- setUp -->
        <test-method status="PASS" signature="LoginTest(java.lang.String)[pri:0, instance:guruAugustTestNG.AameritradeTest@bf9759]" name="LoginTest" duration-ms="14155" started-at="2018-08-03T12:25:51Z" data-provider="languageTest" finished-at="2018-08-03T12:26:05Z">
          <params>
            <param index="0">
              <value>
                <![CDATA[繁體中文]]>
              </value>
            </param>
          </params>
          <reporter-output>
          </reporter-output>
        </test-method> <!-- LoginTest -->
        <test-method status="PASS" signature="tearDown()[pri:0, instance:guruAugustTestNG.AameritradeTest@bf9759]" name="tearDown" is-config="true" duration-ms="2077" started-at="2018-08-03T12:26:05Z" finished-at="2018-08-03T12:26:07Z">
          <reporter-output>
          </reporter-output>
        </test-method> <!-- tearDown -->
      </class> <!-- guruAugustTestNG.AameritradeTest -->
    </test> <!-- Default test -->
  </suite> <!-- Default suite -->
</testng-results>
